<?xml version="1.0" encoding="UTF-8"?>
<testng-results total="1" passed="1" failed="0" skipped="0">
  <reporter-output>
  </reporter-output>
  <suite started-at="2020-04-17T13:46:37Z" name="Suite" finished-at="2020-04-17T13:46:43Z" duration-ms="5886">
    <groups>
    </groups>
    <test started-at="2020-04-17T13:46:37Z" name="API_Automation_Demo" finished-at="2020-04-17T13:46:43Z" duration-ms="5886">
      <class name="com.ALL_APIs.testScript.All_apps_APIs">
        <test-method is-config="true" signature="beforeSuite()[pri:0, instance:com.ALL_APIs.testScript.All_apps_APIs@7f9fcf7f]" started-at="2020-04-17T19:16:37Z" name="beforeSuite" finished-at="2020-04-17T19:16:37Z" duration-ms="212" status="PASS">
          <reporter-output>
          </reporter-output>
        </test-method> <!-- beforeSuite -->
        <test-method signature="RVA_API_Test()[pri:0, instance:com.ALL_APIs.testScript.All_apps_APIs@7f9fcf7f]" started-at="2020-04-17T19:16:37Z" name="RVA_API_Test" finished-at="2020-04-17T19:16:43Z" duration-ms="5875" status="PASS">
          <reporter-output>
          </reporter-output>
        </test-method> <!-- RVA_API_Test -->
        <test-method is-config="true" signature="afterSuite()[pri:0, instance:com.ALL_APIs.testScript.All_apps_APIs@7f9fcf7f]" started-at="2020-04-17T19:16:43Z" name="afterSuite" finished-at="2020-04-17T19:16:43Z" duration-ms="1" status="PASS">
          <reporter-output>
          </reporter-output>
        </test-method> <!-- afterSuite -->
      </class> <!-- com.ALL_APIs.testScript.All_apps_APIs -->
    </test> <!-- API_Automation_Demo -->
  </suite> <!-- Suite -->
</testng-results>
