<?xml version="1.0" encoding="UTF-8"?>
<testng-results ignored="0" total="1" passed="1" failed="0" skipped="0">
  <reporter-output>
  </reporter-output>
  <suite started-at="2020-04-17T19:01:43 IST" name="Suite" finished-at="2020-04-17T19:01:49 IST" duration-ms="5970">
    <groups>
    </groups>
    <test started-at="2020-04-17T19:01:43 IST" name="API_Automation_Demo" finished-at="2020-04-17T19:01:49 IST" duration-ms="5970">
      <class name="com.ALL_APIs.testScript.All_apps_APIs">
        <test-method is-config="true" signature="beforeSuite()[pri:0, instance:com.ALL_APIs.testScript.All_apps_APIs@96def03]" started-at="2020-04-17T19:01:43 IST" name="beforeSuite" finished-at="2020-04-17T19:01:43 IST" duration-ms="249" status="PASS">
          <reporter-output>
          </reporter-output>
        </test-method> <!-- beforeSuite -->
        <test-method signature="RVA_API_Test()[pri:0, instance:com.ALL_APIs.testScript.All_apps_APIs@96def03]" started-at="2020-04-17T19:01:43 IST" name="RVA_API_Test" finished-at="2020-04-17T19:01:49 IST" duration-ms="5930" status="PASS">
          <reporter-output>
          </reporter-output>
        </test-method> <!-- RVA_API_Test -->
        <test-method is-config="true" signature="afterSuite()[pri:0, instance:com.ALL_APIs.testScript.All_apps_APIs@96def03]" started-at="2020-04-17T19:01:49 IST" name="afterSuite" finished-at="2020-04-17T19:01:49 IST" duration-ms="0" status="PASS">
          <reporter-output>
          </reporter-output>
        </test-method> <!-- afterSuite -->
      </class> <!-- com.ALL_APIs.testScript.All_apps_APIs -->
    </test> <!-- API_Automation_Demo -->
  </suite> <!-- Suite -->
</testng-results>
